This is pdfTeX, Version 3.14159265-2.6-1.40.20 (TeX Live 2019/W32TeX) (preloaded format=pdflatex 2019.6.28)  28 JUN 2019 15:11
entering extended mode
 restricted \write18 enabled.
 %&-line parsing enabled.
**ELEGripenbergSI.tex
(./ELEGripenbergSI.tex
LaTeX2e <2018-12-01>

(c:/Users/pemb4504/AppData/Roaming/TinyTeX/texmf-dist/tex/latex/base/article.cl
s
Document Class: article 2018/09/03 v1.4i Standard LaTeX document class

(c:/Users/pemb4504/AppData/Roaming/TinyTeX/texmf-dist/tex/latex/base/size11.clo
File: size11.clo 2018/09/03 v1.4i Standard LaTeX file (size option)
)
\c@part=\count80
\c@section=\count81
\c@subsection=\count82
\c@subsubsection=\count83
\c@paragraph=\count84
\c@subparagraph=\count85
\c@figure=\count86
\c@table=\count87
\abovecaptionskip=\skip41
\belowcaptionskip=\skip42
\bibindent=\dimen102
)
(c:/Users/pemb4504/AppData/Roaming/TinyTeX/texmf-dist/tex/latex/psnfss/mathpazo
.sty
Package: mathpazo 2005/04/12 PSNFSS-v9.2a Palatino w/ Pazo Math (D.Puga, WaS) 
\symupright=\mathgroup4
)
(c:/Users/pemb4504/AppData/Roaming/TinyTeX/texmf-dist/tex/latex/preprint/fullpa
ge.sty
Package: fullpage 1999/02/23 1.1 (PWD)
\FP@margin=\skip43
)
(c:/Users/pemb4504/AppData/Roaming/TinyTeX/texmf-dist/tex/latex/base/inputenc.s
ty
Package: inputenc 2018/08/11 v1.3c Input encoding file
\inpenc@prehook=\toks14
\inpenc@posthook=\toks15
)
(c:/Users/pemb4504/AppData/Roaming/TinyTeX/texmf-dist/tex/latex/lineno/lineno.s
ty
Package: lineno 2005/11/02 line numbers on paragraphs v4.41
\linenopenalty=\count88
\output=\toks16
\linenoprevgraf=\count89
\linenumbersep=\dimen103
\linenumberwidth=\dimen104
\c@linenumber=\count90
\c@pagewiselinenumber=\count91
\c@LN@truepage=\count92
\c@internallinenumber=\count93
\c@internallinenumbers=\count94
\quotelinenumbersep=\dimen105
\bframerule=\dimen106
\bframesep=\dimen107
\bframebox=\box27
LaTeX Info: Redefining \\ on input line 3056.
)
(c:/Users/pemb4504/AppData/Roaming/TinyTeX/texmf-dist/tex/latex/titlesec/titles
ec.sty
Package: titlesec 2016/03/21 v2.10.2 Sectioning titles
\ttl@box=\box28
\beforetitleunit=\skip44
\aftertitleunit=\skip45
\ttl@plus=\dimen108
\ttl@minus=\dimen109
\ttl@toksa=\toks17
\titlewidth=\dimen110
\titlewidthlast=\dimen111
\titlewidthfirst=\dimen112
)
(c:/Users/pemb4504/AppData/Roaming/TinyTeX/texmf-dist/tex/latex/graphics/graphi
cx.sty
Package: graphicx 2017/06/01 v1.1a Enhanced LaTeX Graphics (DPC,SPQR)

(c:/Users/pemb4504/AppData/Roaming/TinyTeX/texmf-dist/tex/latex/graphics/keyval
.sty
Package: keyval 2014/10/28 v1.15 key=value parser (DPC)
\KV@toks@=\toks18
)
(c:/Users/pemb4504/AppData/Roaming/TinyTeX/texmf-dist/tex/latex/graphics/graphi
cs.sty
Package: graphics 2017/06/25 v1.2c Standard LaTeX Graphics (DPC,SPQR)

(c:/Users/pemb4504/AppData/Roaming/TinyTeX/texmf-dist/tex/latex/graphics/trig.s
ty
Package: trig 2016/01/03 v1.10 sin cos tan (DPC)
)
(c:/Users/pemb4504/AppData/Roaming/TinyTeX/texmf-dist/tex/latex/graphics-cfg/gr
aphics.cfg
File: graphics.cfg 2016/06/04 v1.11 sample graphics configuration
)
Package graphics Info: Driver file: pdftex.def on input line 99.

(c:/Users/pemb4504/AppData/Roaming/TinyTeX/texmf-dist/tex/latex/graphics-def/pd
ftex.def
File: pdftex.def 2018/01/08 v1.0l Graphics/color driver for pdftex
))
\Gin@req@height=\dimen113
\Gin@req@width=\dimen114
)
(c:/Users/pemb4504/AppData/Roaming/TinyTeX/texmf-dist/tex/latex/amsfonts/amsfon
ts.sty
Package: amsfonts 2013/01/14 v3.01 Basic AMSFonts support
\@emptytoks=\toks19
\symAMSa=\mathgroup5
\symAMSb=\mathgroup6
LaTeX Font Info:    Overwriting math alphabet `\mathfrak' in version `bold'
(Font)                  U/euf/m/n --> U/euf/b/n on input line 106.
)
(c:/Users/pemb4504/AppData/Roaming/TinyTeX/texmf-dist/tex/latex/amsmath/amsmath
.sty
Package: amsmath 2018/12/01 v2.17b AMS math features
\@mathmargin=\skip46

For additional information on amsmath, use the `?' option.

(c:/Users/pemb4504/AppData/Roaming/TinyTeX/texmf-dist/tex/latex/amsmath/amstext
.sty
Package: amstext 2000/06/29 v2.01 AMS text

(c:/Users/pemb4504/AppData/Roaming/TinyTeX/texmf-dist/tex/latex/amsmath/amsgen.
sty
File: amsgen.sty 1999/11/30 v2.0 generic functions
\@emptytoks=\toks20
\ex@=\dimen115
))
(c:/Users/pemb4504/AppData/Roaming/TinyTeX/texmf-dist/tex/latex/amsmath/amsbsy.
sty
Package: amsbsy 1999/11/29 v1.2d Bold Symbols
\pmbraise@=\dimen116
)
(c:/Users/pemb4504/AppData/Roaming/TinyTeX/texmf-dist/tex/latex/amsmath/amsopn.
sty
Package: amsopn 2016/03/08 v2.02 operator names
)
\inf@bad=\count95
LaTeX Info: Redefining \frac on input line 223.
\uproot@=\count96
\leftroot@=\count97
LaTeX Info: Redefining \overline on input line 385.
\classnum@=\count98
\DOTSCASE@=\count99
LaTeX Info: Redefining \ldots on input line 482.
LaTeX Info: Redefining \dots on input line 485.
LaTeX Info: Redefining \cdots on input line 606.
\Mathstrutbox@=\box29
\strutbox@=\box30
\big@size=\dimen117
LaTeX Font Info:    Redeclaring font encoding OML on input line 729.
LaTeX Font Info:    Redeclaring font encoding OMS on input line 730.
\macc@depth=\count100
\c@MaxMatrixCols=\count101
\dotsspace@=\muskip10
\c@parentequation=\count102
\dspbrk@lvl=\count103
\tag@help=\toks21
\row@=\count104
\column@=\count105
\maxfields@=\count106
\andhelp@=\toks22
\eqnshift@=\dimen118
\alignsep@=\dimen119
\tagshift@=\dimen120
\tagwidth@=\dimen121
\totwidth@=\dimen122
\lineht@=\dimen123
\@envbody=\toks23
\multlinegap=\skip47
\multlinetaggap=\skip48
\mathdisplay@stack=\toks24
LaTeX Info: Redefining \[ on input line 2844.
LaTeX Info: Redefining \] on input line 2845.
)
(c:/Users/pemb4504/AppData/Roaming/TinyTeX/texmf-dist/tex/latex/float/float.sty
Package: float 2001/11/08 v1.3d Float enhancements (AL)
\c@float@type=\count107
\float@exts=\toks25
\float@box=\box31
\@float@everytoks=\toks26
\@floatcapt=\box32
)
(c:/Users/pemb4504/AppData/Roaming/TinyTeX/texmf-dist/tex/latex/amsfonts/amssym
b.sty
Package: amssymb 2013/01/14 v3.01 AMS font symbols
)
(c:/Users/pemb4504/AppData/Roaming/TinyTeX/texmf-dist/tex/latex/tools/longtable
.sty
Package: longtable 2014/10/28 v4.11 Multi-page Table package (DPC)+ FMi change
\LTleft=\skip49
\LTright=\skip50
\LTpre=\skip51
\LTpost=\skip52
\LTchunksize=\count108
\LTcapwidth=\dimen124
\LT@head=\box33
\LT@firsthead=\box34
\LT@foot=\box35
\LT@lastfoot=\box36
\LT@cols=\count109
\LT@rows=\count110
\c@LT@tables=\count111
\c@LT@chunks=\count112
\LT@p@ftn=\toks27
)
(c:/Users/pemb4504/AppData/Roaming/TinyTeX/texmf-dist/tex/latex/booktabs/bookta
bs.sty
Package: booktabs 2016/04/27 v1.618033 publication quality tables
\heavyrulewidth=\dimen125
\lightrulewidth=\dimen126
\cmidrulewidth=\dimen127
\belowrulesep=\dimen128
\belowbottomsep=\dimen129
\aboverulesep=\dimen130
\abovetopsep=\dimen131
\cmidrulesep=\dimen132
\cmidrulekern=\dimen133
\defaultaddspace=\dimen134
\@cmidla=\count113
\@cmidlb=\count114
\@aboverulesep=\dimen135
\@belowrulesep=\dimen136
\@thisruleclass=\count115
\@lastruleclass=\count116
\@thisrulewidth=\dimen137
)
(c:/Users/pemb4504/AppData/Roaming/TinyTeX/texmf-dist/tex/latex/caption/caption
.sty
Package: caption 2018/10/06 v3.3-154 Customizing captions (AR)

(c:/Users/pemb4504/AppData/Roaming/TinyTeX/texmf-dist/tex/latex/caption/caption
3.sty
Package: caption3 2018/09/12 v1.8c caption3 kernel (AR)
Package caption3 Info: TeX engine: e-TeX on input line 64.
\captionmargin=\dimen138
\captionmargin@=\dimen139
\captionwidth=\dimen140
\caption@tempdima=\dimen141
\caption@indent=\dimen142
\caption@parindent=\dimen143
\caption@hangindent=\dimen144
)
\c@caption@flags=\count117
\c@ContinuedFloat=\count118
Package caption Info: float package is loaded.
Package caption Info: longtable package is loaded.

(c:/Users/pemb4504/AppData/Roaming/TinyTeX/texmf-dist/tex/latex/caption/ltcapti
on.sty
Package: ltcaption 2018/08/26 v1.4-95 longtable captions (AR)
))
(c:/Users/pemb4504/AppData/Roaming/TinyTeX/texmf-dist/tex/latex/xurl/xurl.sty
Package: xurl 2018/12/23 v 0.07 modify URL breaks

(c:/Users/pemb4504/AppData/Roaming/TinyTeX/texmf-dist/tex/latex/url/url.sty
\Urlmuskip=\muskip11
Package: url 2013/09/16  ver 3.4  Verb mode for urls, etc.
))
(c:/Users/pemb4504/AppData/Roaming/TinyTeX/texmf-dist/tex/latex/graphics/lscape
.sty
Package: lscape 2000/10/22 v3.01 Landscape Pages (DPC)
)
(c:/Users/pemb4504/AppData/Roaming/TinyTeX/texmf-dist/tex/latex/multirow/multir
ow.sty
Package: multirow 2019/05/31 v2.5 Span multiple rows of a table
\multirow@colwidth=\skip53
\multirow@cntb=\count119
\multirow@dima=\skip54
\bigstrutjot=\dimen145
)
(c:/Users/pemb4504/AppData/Roaming/TinyTeX/texmf-dist/tex/latex/makecell/makece
ll.sty
Package: makecell 2009/08/03 V0.1e Managing of Tab Column Heads and Cells

(c:/Users/pemb4504/AppData/Roaming/TinyTeX/texmf-dist/tex/latex/tools/array.sty
Package: array 2018/12/30 v2.4k Tabular extension package (FMi)
\col@sep=\dimen146
\ar@mcellbox=\box37
\extrarowheight=\dimen147
\NC@list=\toks28
\extratabsurround=\skip55
\backup@length=\skip56
\ar@cellbox=\box38
)
\rotheadsize=\dimen148
\c@nlinenum=\count120
\TeXr@lab=\toks29
)
(c:/Users/pemb4504/AppData/Roaming/TinyTeX/texmf-dist/tex/latex/adjustbox/adjus
tbox.sty
Package: adjustbox 2019/01/04 v1.2 Adjusting TeX boxes (trim, clip, ...)

(c:/Users/pemb4504/AppData/Roaming/TinyTeX/texmf-dist/tex/latex/xkeyval/xkeyval
.sty
Package: xkeyval 2014/12/03 v2.7a package option processing (HA)

(c:/Users/pemb4504/AppData/Roaming/TinyTeX/texmf-dist/tex/generic/xkeyval/xkeyv
al.tex
(c:/Users/pemb4504/AppData/Roaming/TinyTeX/texmf-dist/tex/generic/xkeyval/xkvut
ils.tex
\XKV@toks=\toks30
\XKV@tempa@toks=\toks31
)
\XKV@depth=\count121
File: xkeyval.tex 2014/12/03 v2.7a key=value parser (HA)
))
(c:/Users/pemb4504/AppData/Roaming/TinyTeX/texmf-dist/tex/latex/adjustbox/adjca
lc.sty
Package: adjcalc 2012/05/16 v1.1 Provides advanced setlength with multiple back
-ends (calc, etex, pgfmath)
)
(c:/Users/pemb4504/AppData/Roaming/TinyTeX/texmf-dist/tex/latex/adjustbox/trimc
lip.sty
Package: trimclip 2018/04/08 v1.1 Trim and clip general TeX material

(c:/Users/pemb4504/AppData/Roaming/TinyTeX/texmf-dist/tex/latex/collectbox/coll
ectbox.sty
Package: collectbox 2012/05/17 v0.4b Collect macro arguments as boxes
\collectedbox=\box39
)
\tc@llx=\dimen149
\tc@lly=\dimen150
\tc@urx=\dimen151
\tc@ury=\dimen152
Package trimclip Info: Using driver 'tc-pdftex.def'.

(c:/Users/pemb4504/AppData/Roaming/TinyTeX/texmf-dist/tex/latex/adjustbox/tc-pd
ftex.def
File: tc-pdftex.def 2019/01/04 v2.2 Clipping driver for pdftex
))
\adjbox@Width=\dimen153
\adjbox@Height=\dimen154
\adjbox@Depth=\dimen155
\adjbox@Totalheight=\dimen156
\adjbox@pwidth=\dimen157
\adjbox@pheight=\dimen158
\adjbox@pdepth=\dimen159
\adjbox@ptotalheight=\dimen160

(c:/Users/pemb4504/AppData/Roaming/TinyTeX/texmf-dist/tex/latex/varwidth/varwid
th.sty
Package: varwidth 2009/03/30 ver 0.92;  Variable-width minipages
\@vwid@box=\box40
\sift@deathcycles=\count122
\@vwid@loff=\dimen161
\@vwid@roff=\dimen162
))
(c:/Users/pemb4504/AppData/Roaming/TinyTeX/texmf-dist/tex/latex/titlesec/block.
tss
File: block.tss 2016/03/15
) (./ELEGripenbergSI.aux

LaTeX Warning: Label `tab:my-table' multiply defined.


LaTeX Warning: Label `tab:my-table' multiply defined.

)
\openout1 = `ELEGripenbergSI.aux'.

LaTeX Font Info:    Checking defaults for OML/cmm/m/it on input line 50.
LaTeX Font Info:    ... okay on input line 50.
LaTeX Font Info:    Checking defaults for T1/cmr/m/n on input line 50.
LaTeX Font Info:    ... okay on input line 50.
LaTeX Font Info:    Checking defaults for OT1/cmr/m/n on input line 50.
LaTeX Font Info:    ... okay on input line 50.
LaTeX Font Info:    Checking defaults for OMS/cmsy/m/n on input line 50.
LaTeX Font Info:    ... okay on input line 50.
LaTeX Font Info:    Checking defaults for OMX/cmex/m/n on input line 50.
LaTeX Font Info:    ... okay on input line 50.
LaTeX Font Info:    Checking defaults for U/cmr/m/n on input line 50.
LaTeX Font Info:    ... okay on input line 50.
LaTeX Font Info:    Try loading font information for OT1+pplx on input line 50.


(c:/Users/pemb4504/AppData/Roaming/TinyTeX/texmf-dist/tex/latex/psnfss/ot1pplx.
fd
File: ot1pplx.fd 2004/09/06 font definitions for OT1/pplx.
)
(c:/Users/pemb4504/AppData/Roaming/TinyTeX/texmf-dist/tex/latex/oberdiek/epstop
df-base.sty
Package: epstopdf-base 2016/05/15 v2.6 Base part for package epstopdf

(c:/Users/pemb4504/AppData/Roaming/TinyTeX/texmf-dist/tex/generic/oberdiek/infw
arerr.sty
Package: infwarerr 2016/05/16 v1.4 Providing info/warning/error messages (HO)
)
(c:/Users/pemb4504/AppData/Roaming/TinyTeX/texmf-dist/tex/latex/oberdiek/grfext
.sty
Package: grfext 2016/05/16 v1.2 Manage graphics extensions (HO)

(c:/Users/pemb4504/AppData/Roaming/TinyTeX/texmf-dist/tex/generic/oberdiek/kvde
finekeys.sty
Package: kvdefinekeys 2016/05/16 v1.4 Define keys (HO)

(c:/Users/pemb4504/AppData/Roaming/TinyTeX/texmf-dist/tex/generic/oberdiek/ltxc
mds.sty
Package: ltxcmds 2016/05/16 v1.23 LaTeX kernel commands for general use (HO)
)))
(c:/Users/pemb4504/AppData/Roaming/TinyTeX/texmf-dist/tex/latex/oberdiek/kvopti
ons.sty
Package: kvoptions 2016/05/16 v3.12 Key value format for package options (HO)

(c:/Users/pemb4504/AppData/Roaming/TinyTeX/texmf-dist/tex/generic/oberdiek/kvse
tkeys.sty
Package: kvsetkeys 2016/05/16 v1.17 Key value parser (HO)

(c:/Users/pemb4504/AppData/Roaming/TinyTeX/texmf-dist/tex/generic/oberdiek/etex
cmds.sty
Package: etexcmds 2016/05/16 v1.6 Avoid name clashes with e-TeX commands (HO)

(c:/Users/pemb4504/AppData/Roaming/TinyTeX/texmf-dist/tex/generic/oberdiek/iflu
atex.sty
Package: ifluatex 2016/05/16 v1.4 Provides the ifluatex switch (HO)
Package ifluatex Info: LuaTeX not detected.
))))
(c:/Users/pemb4504/AppData/Roaming/TinyTeX/texmf-dist/tex/generic/oberdiek/pdft
excmds.sty
Package: pdftexcmds 2018/09/10 v0.29 Utility functions of pdfTeX for LuaTeX (HO
)

(c:/Users/pemb4504/AppData/Roaming/TinyTeX/texmf-dist/tex/generic/oberdiek/ifpd
f.sty
Package: ifpdf 2018/09/07 v3.3 Provides the ifpdf switch
)
Package pdftexcmds Info: LuaTeX not detected.
Package pdftexcmds Info: \pdf@primitive is available.
Package pdftexcmds Info: \pdf@ifprimitive is available.
Package pdftexcmds Info: \pdfdraftmode found.
)
Package epstopdf-base Info: Redefining graphics rule for `.eps' on input line 4
38.
Package grfext Info: Graphics extension search list:
(grfext)             [.pdf,.png,.jpg,.mps,.jpeg,.jbig2,.jb2,.PDF,.PNG,.JPG,.JPE
G,.JBIG2,.JB2,.eps]
(grfext)             \AppendGraphicsExtensions on input line 456.

(c:/Users/pemb4504/AppData/Roaming/TinyTeX/texmf-dist/tex/latex/latexconfig/eps
topdf-sys.cfg
File: epstopdf-sys.cfg 2010/07/13 v1.3 Configuration of (r)epstopdf for TeX Liv
e
))
Package caption Info: Begin \AtBeginDocument code.
Package caption Info: End \AtBeginDocument code.
LaTeX Font Info:    Try loading font information for OML+zplm on input line 52.


(c:/Users/pemb4504/AppData/Roaming/TinyTeX/texmf-dist/tex/latex/psnfss/omlzplm.
fd
File: omlzplm.fd 2002/09/08 Fontinst v1.914 font definitions for OML/zplm.
)
LaTeX Font Info:    Try loading font information for OMS+zplm on input line 52.


(c:/Users/pemb4504/AppData/Roaming/TinyTeX/texmf-dist/tex/latex/psnfss/omszplm.
fd
File: omszplm.fd 2002/09/08 Fontinst v1.914 font definitions for OMS/zplm.
)
LaTeX Font Info:    Try loading font information for OMX+zplm on input line 52.


(c:/Users/pemb4504/AppData/Roaming/TinyTeX/texmf-dist/tex/latex/psnfss/omxzplm.
fd
File: omxzplm.fd 2002/09/08 Fontinst v1.914 font definitions for OMX/zplm.
)
LaTeX Font Info:    Try loading font information for OT1+zplm on input line 52.


(c:/Users/pemb4504/AppData/Roaming/TinyTeX/texmf-dist/tex/latex/psnfss/ot1zplm.
fd
File: ot1zplm.fd 2002/09/08 Fontinst v1.914 font definitions for OT1/zplm.
)
LaTeX Font Info:    Font shape `U/msa/m/n' will be
(Font)              scaled to size 12.50409pt on input line 52.
LaTeX Font Info:    Font shape `U/msa/m/n' will be
(Font)              scaled to size 9.37807pt on input line 52.
LaTeX Font Info:    Font shape `U/msa/m/n' will be
(Font)              scaled to size 7.29405pt on input line 52.
LaTeX Font Info:    Font shape `U/msb/m/n' will be
(Font)              scaled to size 12.50409pt on input line 52.
LaTeX Font Info:    Font shape `U/msb/m/n' will be
(Font)              scaled to size 9.37807pt on input line 52.
LaTeX Font Info:    Font shape `U/msb/m/n' will be
(Font)              scaled to size 7.29405pt on input line 52.
LaTeX Font Info:    Font shape `OT1/pplx/bx/n' in size <14.4> not available
(Font)              Font shape `OT1/pplx/b/n' tried instead on input line 55.
 (./ELEGripenbergSI.toc
LaTeX Font Info:    Font shape `OT1/pplx/bx/n' in size <10.95> not available
(Font)              Font shape `OT1/pplx/b/n' tried instead on input line 1.
 [1

{c:/Users/pemb4504/AppData/Roaming/TinyTeX/texmf-var/fonts/map/pdftex/updmap/pd
ftex.map}])
\tf@toc=\write3
\openout3 = `ELEGripenbergSI.toc'.

 [2] [3] [4]
LaTeX Font Info:    Font shape `U/msa/m/n' will be
(Font)              scaled to size 11.40997pt on input line 79.
LaTeX Font Info:    Font shape `U/msa/m/n' will be
(Font)              scaled to size 8.33606pt on input line 79.
LaTeX Font Info:    Font shape `U/msa/m/n' will be
(Font)              scaled to size 6.25204pt on input line 79.
LaTeX Font Info:    Font shape `U/msb/m/n' will be
(Font)              scaled to size 11.40997pt on input line 79.
LaTeX Font Info:    Font shape `U/msb/m/n' will be
(Font)              scaled to size 8.33606pt on input line 79.
LaTeX Font Info:    Font shape `U/msb/m/n' will be
(Font)              scaled to size 6.25204pt on input line 79.
 [5]

LaTeX Warning: No positions in optional float specifier.
               Default added (so using `tbp') on input line 85.

LaTeX Font Info:    Font shape `U/msa/m/n' will be
(Font)              scaled to size 10.42007pt on input line 87.
LaTeX Font Info:    Font shape `U/msa/m/n' will be
(Font)              scaled to size 7.91925pt on input line 87.
LaTeX Font Info:    Font shape `U/msb/m/n' will be
(Font)              scaled to size 10.42007pt on input line 87.
LaTeX Font Info:    Font shape `U/msb/m/n' will be
(Font)              scaled to size 7.91925pt on input line 87.
LaTeX Font Info:    Font shape `OT1/pplx/bx/n' in size <10> not available
(Font)              Font shape `OT1/pplx/b/n' tried instead on input line 103.
[6]
<../Figures/TraitCorrelation.png, id=25, 433.62pt x 433.62pt>
File: ../Figures/TraitCorrelation.png Graphic file (type png)
<use ../Figures/TraitCorrelation.png>
Package pdftex.def Info: ../Figures/TraitCorrelation.png  used on input line 11
3.
(pdftex.def)             Requested size: 328.82707pt x 328.84004pt.


LaTeX Warning: No positions in optional float specifier.
               Default added (so using `tbp') on input line 118.


Underfull \hbox (badness 1158) in paragraph at lines 124--124
\OT1/pplx/m/n/10 re-gres-sion trees to in-clude in
 []

[7 <../Figures/TraitCorrelation.png (PNG copy)>] [8] [9] [10] [11] [12]
[13] [14] [15]
<../Figures/Rarefaction.png, id=56, 289.08pt x 289.08pt>
File: ../Figures/Rarefaction.png Graphic file (type png)
<use ../Figures/Rarefaction.png>
Package pdftex.def Info: ../Figures/Rarefaction.png  used on input line 229.
(pdftex.def)             Requested size: 328.82707pt x 328.84444pt.
 [16] [17 <../Figures/Rarefaction.png>]
<../Figures/VarImpPlot.pdf, id=65, 867.24pt x 722.7pt>
File: ../Figures/VarImpPlot.pdf Graphic file (type pdf)
<use ../Figures/VarImpPlot.pdf>
Package pdftex.def Info: ../Figures/VarImpPlot.pdf  used on input line 249.
(pdftex.def)             Requested size: 469.75502pt x 391.46521pt.
 [18]
<../Figures/PartialDependencePlots.pdf, id=69, 867.24pt x 867.24pt>
File: ../Figures/PartialDependencePlots.pdf Graphic file (type pdf)
<use ../Figures/PartialDependencePlots.pdf>
Package pdftex.def Info: ../Figures/PartialDependencePlots.pdf  used on input l
ine 257.
(pdftex.def)             Requested size: 328.82707pt x 328.82681pt.
 [19 <../Figures/VarImpPlot.pdf>]
<../Figures/VarImpPlotsall.pdf, id=80, 867.24pt x 722.7pt>
File: ../Figures/VarImpPlotsall.pdf Graphic file (type pdf)
<use ../Figures/VarImpPlotsall.pdf>
Package pdftex.def Info: ../Figures/VarImpPlotsall.pdf  used on input line 264.

(pdftex.def)             Requested size: 469.75502pt x 391.46521pt.
 [20 <../Figures/PartialDependencePlots.pdf>] [21 <../Figures/VarImpPlotsall.pd
f>]
Overfull \hbox (10.3377pt too wide) in alignment at lines 282--285
 [] [] [] [] [] [] 
 []


Overfull \hbox (10.3377pt too wide) in alignment at lines 285--286
 [] [] [] [] [] [] 
 []


Overfull \hbox (10.3377pt too wide) in alignment at lines 286--288
 [] [] [] [] [] [] 
 []


Overfull \hbox (10.3377pt too wide) in alignment at lines 288--289
 [] [] [] [] [] [] 
 []


Overfull \hbox (10.3377pt too wide) in alignment at lines 289--310
 [] [] [] [] [] [] 
 []


Overfull \hbox (10.3377pt too wide) in alignment at lines 310--330
 [] [] [] [] [] [] 
 []

[22]
Overfull \hbox (10.3377pt too wide) in alignment at lines 330--350
 [] [] [] [] [] [] 
 []


Overfull \hbox (10.3377pt too wide) in alignment at lines 350--370
 [] [] [] [] [] [] 
 []

[23]
Overfull \hbox (10.3377pt too wide) in alignment at lines 370--390
 [] [] [] [] [] [] 
 []


Overfull \hbox (10.3377pt too wide) in alignment at lines 390--410
 [] [] [] [] [] [] 
 []

[24]
Overfull \hbox (10.3377pt too wide) in alignment at lines 410--430
 [] [] [] [] [] [] 
 []

[25]
Overfull \hbox (10.3377pt too wide) in alignment at lines 430--450
 [] [] [] [] [] [] 
 []


Overfull \hbox (10.3377pt too wide) in alignment at lines 450--470
 [] [] [] [] [] [] 
 []

[26]
Overfull \hbox (10.3377pt too wide) in alignment at lines 470--490
 [] [] [] [] [] [] 
 []

[27]
Overfull \hbox (10.3377pt too wide) in alignment at lines 490--510
 [] [] [] [] [] [] 
 []


Overfull \hbox (10.3377pt too wide) in alignment at lines 510--530
 [] [] [] [] [] [] 
 []

[28]
Overfull \hbox (10.3377pt too wide) in alignment at lines 530--550
 [] [] [] [] [] [] 
 []


Overfull \hbox (10.3377pt too wide) in alignment at lines 550--570
 [] [] [] [] [] [] 
 []

[29]
Overfull \hbox (10.3377pt too wide) in alignment at lines 570--590
 [] [] [] [] [] [] 
 []

[30]
Overfull \hbox (10.3377pt too wide) in alignment at lines 590--610
 [] [] [] [] [] [] 
 []


Overfull \hbox (10.3377pt too wide) in alignment at lines 610--630
 [] [] [] [] [] [] 
 []

[31]
Overfull \hbox (10.3377pt too wide) in alignment at lines 630--650
 [] [] [] [] [] [] 
 []

[32]
Overfull \hbox (10.3377pt too wide) in alignment at lines 650--670
 [] [] [] [] [] [] 
 []


Overfull \hbox (10.3377pt too wide) in alignment at lines 670--690
 [] [] [] [] [] [] 
 []

[33]
Overfull \hbox (10.3377pt too wide) in alignment at lines 690--710
 [] [] [] [] [] [] 
 []


Overfull \hbox (10.3377pt too wide) in alignment at lines 710--730
 [] [] [] [] [] [] 
 []

[34]
Overfull \hbox (10.3377pt too wide) in alignment at lines 730--750
 [] [] [] [] [] [] 
 []

[35]
Overfull \hbox (10.3377pt too wide) in alignment at lines 750--770
 [] [] [] [] [] [] 
 []

[36] [37]
LaTeX Font Info:    Font shape `U/msa/m/n' will be
(Font)              scaled to size 5.21004pt on input line 777.
LaTeX Font Info:    Font shape `U/msb/m/n' will be
(Font)              scaled to size 5.21004pt on input line 777.
 [38

] [39] [40] [41] [42] [43] [44] [45] [46] [47] [48] [49] [50]
[51] [52] [53] [54] [55]
LaTeX Font Info:    Try loading font information for OML+pplx on input line 127
5.
LaTeX Font Info:    No file OMLpplx.fd. on input line 1275.


LaTeX Font Warning: Font shape `OML/pplx/m/n' undefined
(Font)              using `OML/cmm/m/it' instead
(Font)              for symbol `textless' on input line 1275.

[56

] [57]
<../Figures/FigureS1.pdf, id=216, 361.35pt x 361.35pt>
File: ../Figures/FigureS1.pdf Graphic file (type pdf)
<use ../Figures/FigureS1.pdf>
Package pdftex.def Info: ../Figures/FigureS1.pdf  used on input line 1321.
(pdftex.def)             Requested size: 328.82707pt x 328.82901pt.
 [58 <../Figures/FigureS1.pdf>]
<../Figures/FigureS2all.pdf, id=225, 1084.05pt x 1084.05pt>
File: ../Figures/FigureS2all.pdf Graphic file (type pdf)
<use ../Figures/FigureS2all.pdf>
Package pdftex.def Info: ../Figures/FigureS2all.pdf  used on input line 1330.
(pdftex.def)             Requested size: 469.75502pt x 469.75496pt.

Overfull \vbox (54.56813pt too high) has occurred while \output is active []


[59 <../Figures/FigureS2all.pdf>]
<../Figures/SpinePlotsa.pdf, id=236, 578.16pt x 867.24pt>
File: ../Figures/SpinePlotsa.pdf Graphic file (type pdf)
<use ../Figures/SpinePlotsa.pdf>
Package pdftex.def Info: ../Figures/SpinePlotsa.pdf  used on input line 1341.
(pdftex.def)             Requested size: 328.82707pt x 493.23361pt.

Overfull \vbox (47.44684pt too high) has occurred while \output is active []


[60 <../Figures/SpinePlotsa.pdf>]
<../Figures/SpinePlotsb.pdf, id=245, 578.16pt x 867.24pt>
File: ../Figures/SpinePlotsb.pdf Graphic file (type pdf)
<use ../Figures/SpinePlotsb.pdf>
Package pdftex.def Info: ../Figures/SpinePlotsb.pdf  used on input line 1347.
(pdftex.def)             Requested size: 328.82707pt x 493.23361pt.
 [61 <../Figures/SpinePlotsb.pdf>]
<../Figures/FigureS4Coleoptera.pdf, id=255, 722.7pt x 361.35pt>
File: ../Figures/FigureS4Coleoptera.pdf Graphic file (type pdf)
<use ../Figures/FigureS4Coleoptera.pdf>
Package pdftex.def Info: ../Figures/FigureS4Coleoptera.pdf  used on input line 
1357.
(pdftex.def)             Requested size: 563.70459pt x 281.85187pt.

Overfull \vbox (66.91791pt too high) has occurred while \output is active []


[62 <../Figures/FigureS4Coleoptera.pdf>]
<../Figures/FigureS4Lepidoptera.pdf, id=264, 722.7pt x 361.35pt>
File: ../Figures/FigureS4Lepidoptera.pdf Graphic file (type pdf)
<use ../Figures/FigureS4Lepidoptera.pdf>
Package pdftex.def Info: ../Figures/FigureS4Lepidoptera.pdf  used on input line
 1362.
(pdftex.def)             Requested size: 563.70459pt x 281.85187pt.
 [63 <../Figures/FigureS4Lepidoptera.pdf>]
<../Figures/FigureS5.pdf, id=273, 1084.05pt x 722.7pt>
File: ../Figures/FigureS5.pdf Graphic file (type pdf)
<use ../Figures/FigureS5.pdf>
Package pdftex.def Info: ../Figures/FigureS5.pdf  used on input line 1374.
(pdftex.def)             Requested size: 563.70459pt x 375.81718pt.

Overfull \vbox (97.51785pt too high) has occurred while \output is active []


[64 <../Figures/FigureS5.pdf>]
<../Figures/FigureS6.pdf, id=282, 578.16pt x 433.62pt>
File: ../Figures/FigureS6.pdf Graphic file (type pdf)
<use ../Figures/FigureS6.pdf>
Package pdftex.def Info: ../Figures/FigureS6.pdf  used on input line 1386.
(pdftex.def)             Requested size: 328.82707pt x 246.61679pt.
 [65 <../Figures/FigureS6.pdf>]
(./ELEGripenbergSI.aux)

LaTeX Font Warning: Some font shapes were not available, defaults substituted.


LaTeX Warning: There were multiply-defined labels.

 ) 
Here is how much of TeX's memory you used:
 5492 strings out of 494553
 86042 string characters out of 6175770
 164506 words of memory out of 5000000
 8983 multiletter control sequences out of 15000+600000
 48080 words of font info for 131 fonts, out of 8000000 for 9000
 14 hyphenation exceptions out of 8191
 41i,10n,84p,1965b,418s stack positions out of 5000i,500n,10000p,200000b,80000s
{c:/Users/pemb4504/AppData/Roaming/TinyTeX/texmf-dist/fonts/enc/dvips/base/8r
.enc}<c:/Users/pemb4504/AppData/Roaming/TinyTeX/texmf-dist/fonts/type1/public/a
msfonts/cm/cmmi10.pfb><c:/Users/pemb4504/AppData/Roaming/TinyTeX/texmf-dist/fon
ts/type1/public/amsfonts/cm/cmr10.pfb><c:/Users/pemb4504/AppData/Roaming/TinyTe
X/texmf-dist/fonts/type1/public/amsfonts/cm/cmsy10.pfb><c:/Users/pemb4504/AppDa
ta/Roaming/TinyTeX/texmf-dist/fonts/type1/public/amsfonts/cm/cmtt10.pfb><c:/Use
rs/pemb4504/AppData/Roaming/TinyTeX/texmf-dist/fonts/type1/public/mathpazo/fplm
ri.pfb><c:/Users/pemb4504/AppData/Roaming/TinyTeX/texmf-dist/fonts/type1/urw/pa
latino/uplb8a.pfb><c:/Users/pemb4504/AppData/Roaming/TinyTeX/texmf-dist/fonts/t
ype1/urw/palatino/uplr8a.pfb><c:/Users/pemb4504/AppData/Roaming/TinyTeX/texmf-d
ist/fonts/type1/urw/palatino/uplri8a.pfb>
Output written on ELEGripenbergSI.pdf (65 pages, 476269 bytes).
PDF statistics:
 323 PDF objects out of 1000 (max. 8388607)
 220 compressed objects within 3 object streams
 0 named destinations out of 1000 (max. 500000)
 66 words of extra memory for PDF output out of 10000 (max. 10000000)

